6.06854
2.99865
-0.348606
4.10961
3.02339
3.70742
-0.977769
4.1835
2.50843
-0.46035
2.48672
0.646661
-2.77421
3.05736
4.32458
6.42422
5.16398
-2.71828
2.65126
1.60077
4.82504
-0.367743
4.54036
1.53898
3.12446
2.08867
0.713028
1.71267
2.49645
2.04344
-0.145409
2.35501
5.55899
2.57665
1.79076
3.0366
6.19191
1.42866
-0.49644
2.06566
4.43038
3.70541
-1.41703
3.20886
2.1604
5.8887
3.69891
1.16216
8.47124
-0.337041
1.19056
1.83401
2.51582
-0.542148
4.46881
1.42779
0.0881784
3.03777
2.02066
3.7365
0.851187
5.30557
3.68066
2.59212
8.69417
3.36505
5.67811
2.38033
1.58092
6.16482
-0.112904
5.69059
3.96533
1.11658
1.86045
-0.393495
2.25046
1.75275
5.47792
-1.70775
1.84554
1.39679
3.39463
2.49165
6.53727
1.99593
5.55988
6.62711
4.54753
2.0104
2.06603
5.88786
4.01053
6.11999
0.573753
-2.51149
5.12227
-3.48059
0.0574213
3.96243
