-0.803148
1.40787
5.10078
2.17247
4.91978
1.43268
-5.47319
2.96071
1.47216
5.90271
3.73915
-0.919046
-0.175336
-3.63969
10.0284
11.337
2.9969
7.86342
7.80963
-0.57108
-1.8413
6.13097
1.71073
-2.21565
0.20599
0.741185
-5.39592
-5.79653
-1.78992
4.16815
4.85898
-1.40865
-0.83048
8.56347
5.31916
7.90938
3.34027
1.59975
2.88651
2.31598
4.02326
2.8984
0.0504158
2.88477
7.14144
-1.79825
2.13779
1.81702
-3.54245
2.81453
-0.0495301
5.94433
-1.6716
3.67697
5.09872
-3.3258
-2.82066
-1.21289
0.659348
2.82481
3.63623
-1.08542
8.81193
-3.546
5.94529
0.985318
2.75936
2.28035
3.98965
0.0588729
3.40533
3.33238
1.44251
-0.628504
9.08145
3.669
-2.73148
3.26557
-0.282643
-3.58356
4.43412
4.3912
-1.60497
1.6642
4.37643
-0.372283
-3.6827
-0.496438
0.0470061
3.68223
1.64875
6.66912
-0.0566889
-0.0775621
0.996948
1.50792
3.76838
3.23654
-3.57522
2.06299
