6.62677
4.16989
11.1268
1.89282
7.11234
5.00971
5.70598
9.69769
8.21011
8.73937
7.08965
6.03312
12.2881
6.48821
11.6814
6.35112
6.63966
2.80569
4.4675
9.05308
11.8771
0.0129722
8.10545
4.59285
8.62698
5.26949
4.83331
6.24845
14.4873
2.58267
10.7585
7.83855
5.64749
10.7768
5.26168
12.0937
5.1499
7.99203
6.23273
9.28781
6.97035
8.0744
3.97277
5.97794
11.2824
3.29421
9.12739
6.51055
6.70937
4.35823
8.38301
5.02704
3.18908
6.91202
2.51878
1.44315
6.28273
3.77425
-0.613219
9.34008
6.87169
10.0243
9.19078
5.9928
9.71692
7.54633
8.01687
6.09232
11.9614
8.2781
6.35377
4.91969
6.96233
-1.34372
6.5732
7.42958
4.99915
9.74439
6.60832
4.25748
4.72349
6.79086
2.13644
7.50205
4.32114
4.75808
2.31223
1.21967
-1.07039
5.47473
-3.41734
6.89562
7.91034
4.91694
7.0038
5.99717
1.59418
3.4529
8.35146
4.97672
