0.272714
2.05557
3.24607
2.84834
-1.06091
-0.0429315
1.20268
1.29277
-0.646135
-1.61878
-0.939349
2.31136
0.626048
-1.006
4.77306
0.70424
1.65645
3.40408
-1.10293
-0.162631
1.0394
0.555241
0.464494
2.30359
-2.90283
-0.544858
-1.22182
-3.14624
6.16379
3.58553
1.27937
-1.53143
3.97914
-0.244914
2.65371
-0.461445
2.38178
2.41723
0.417942
2.76818
-0.582523
-1.08722
4.89026
-0.372702
2.68599
0.0630866
0.742355
0.574422
-0.627287
-4.26163
-1.24105
1.4056
3.15538
-0.885891
-1.51587
-0.333152
2.9386
3.77396
-0.636276
-4.32628
3.79335
3.04801
6.488
-2.48498
-1.69487
-3.11403
0.727782
2.05946
1.1671
2.34549
4.67282
-1.65271
0.606134
3.32185
1.24658
-1.10187
-0.683526
-3.32649
0.705985
1.95301
2.35054
0.629732
0.580519
0.653512
1.72786
3.32619
0.307326
1.44643
2.32799
-2.11574
2.19113
5.84188
-0.481537
-0.4231
1.28395
1.66035
5.14634
-0.711789
0.171556
1.64749
